INFO:__main__:Created employee: John Smith -John.Smith@email.com
INFO:__main__:Created employee: riad uddin -riad.uddin@email.com
INFO:__main__:Created employee: Kazi Bappi -Kazi.Bappi@email.com
INFO:employ:Created employee: John Smith -John.Smith@email.com
INFO:employ:Created employee: riad uddin -riad.uddin@email.com
INFO:employ:Created employee: Kazi Bappi -Kazi.Bappi@email.com
INFO:employ:Created employee: John Smith -John.Smith@email.com
INFO:employ:Created employee: riad uddin -riad.uddin@email.com
INFO:employ:Created employee: Kazi Bappi -Kazi.Bappi@email.com
INFO:employ:Created employee: John Smith -John.Smith@email.com
INFO:employ:Created employee: riad uddin -riad.uddin@email.com
INFO:employ:Created employee: Kazi Bappi -Kazi.Bappi@email.com
INFO:employ:Created employee: John Smith -John.Smith@email.com
INFO:employ:Created employee: riad uddin -riad.uddin@email.com
INFO:employ:Created employee: Kazi Bappi -Kazi.Bappi@email.com
INFO:employ:Created employee: John Smith -John.Smith@email.com
INFO:employ:Created employee: riad uddin -riad.uddin@email.com
INFO:employ:Created employee: Kazi Bappi -Kazi.Bappi@email.com
INFO:riad:Created employee: John Smith -John.Smith@email.com
INFO:riad:Created employee: riad uddin -riad.uddin@email.com
INFO:riad:Created employee: Kazi Bappi -Kazi.Bappi@email.com
INFO:riad:Created employee: John Smith -John.Smith@email.com
INFO:riad:Created employee: riad uddin -riad.uddin@email.com
INFO:riad:Created employee: Kazi Bappi -Kazi.Bappi@email.com
